<?xml version="1.0" encoding="UTF-8"?>
<testng-results ignored="0" total="5" passed="5" failed="0" skipped="0">
  <reporter-output>
  </reporter-output>
  <suite started-at="2023-03-06T17:20:34 EST" name="Suite" finished-at="2023-03-06T17:21:28 EST" duration-ms="53795">
    <groups>
      <group name="cucumber">
        <method signature="AbstractTestNGCucumberTests.runScenario(io.cucumber.testng.PickleWrapper,io.cucumber.testng.FeatureWrapper)[pri:0, instance:com.tekarch.runner.RunnerForSalesForce@771a660]" name="runScenario" class="io.cucumber.testng.AbstractTestNGCucumberTests"/>
      </group> <!-- cucumber -->
    </groups>
    <test started-at="2023-03-06T17:20:34 EST" name="Chrome" finished-at="2023-03-06T17:21:28 EST" duration-ms="53795">
      <class name="com.tekarch.runner.RunnerForSalesForce">
        <test-method is-config="true" signature="setUpClass(org.testng.ITestContext)[pri:0, instance:com.tekarch.runner.RunnerForSalesForce@771a660]" started-at="2023-03-06T17:20:34 EST" name="setUpClass" finished-at="2023-03-06T17:20:35 EST" duration-ms="683" status="PASS">
          <params>
            <param index="0">
              <value>
                <![CDATA[org.testng.TestRunner@6906be0f]]>
              </value>
            </param>
          </params>
          <reporter-output>
          </reporter-output>
        </test-method> <!-- setUpClass -->
        <test-method signature="runScenario(io.cucumber.testng.PickleWrapper,io.cucumber.testng.FeatureWrapper)[pri:0, instance:com.tekarch.runner.RunnerForSalesForce@771a660]" started-at="2023-03-06T17:20:35 EST" name="runScenario" description="Runs Cucumber Scenarios" data-provider="scenarios" finished-at="2023-03-06T17:20:42 EST" duration-ms="7505" status="PASS">
          <params>
            <param index="0">
              <value>
                <![CDATA["password feild blank"]]>
              </value>
            </param>
            <param index="1">
              <value>
                <![CDATA["login Functionality"]]>
              </value>
            </param>
          </params>
          <reporter-output>
          </reporter-output>
        </test-method> <!-- runScenario -->
        <test-method signature="runScenario(io.cucumber.testng.PickleWrapper,io.cucumber.testng.FeatureWrapper)[pri:0, instance:com.tekarch.runner.RunnerForSalesForce@771a660]" started-at="2023-03-06T17:20:42 EST" name="runScenario" description="Runs Cucumber Scenarios" data-provider="scenarios" finished-at="2023-03-06T17:20:53 EST" duration-ms="10841" status="PASS">
          <params>
            <param index="0">
              <value>
                <![CDATA["login with valid usename and valid password"]]>
              </value>
            </param>
            <param index="1">
              <value>
                <![CDATA["login Functionality"]]>
              </value>
            </param>
          </params>
          <reporter-output>
          </reporter-output>
        </test-method> <!-- runScenario -->
        <test-method signature="runScenario(io.cucumber.testng.PickleWrapper,io.cucumber.testng.FeatureWrapper)[pri:0, instance:com.tekarch.runner.RunnerForSalesForce@771a660]" started-at="2023-03-06T17:20:53 EST" name="runScenario" description="Runs Cucumber Scenarios" data-provider="scenarios" finished-at="2023-03-06T17:21:15 EST" duration-ms="22114" status="PASS">
          <params>
            <param index="0">
              <value>
                <![CDATA["test the remember username checkbox"]]>
              </value>
            </param>
            <param index="1">
              <value>
                <![CDATA["login Functionality"]]>
              </value>
            </param>
          </params>
          <reporter-output>
          </reporter-output>
        </test-method> <!-- runScenario -->
        <test-method signature="runScenario(io.cucumber.testng.PickleWrapper,io.cucumber.testng.FeatureWrapper)[pri:0, instance:com.tekarch.runner.RunnerForSalesForce@771a660]" started-at="2023-03-06T17:21:15 EST" name="runScenario" description="Runs Cucumber Scenarios" data-provider="scenarios" finished-at="2023-03-06T17:21:22 EST" duration-ms="6452" status="PASS">
          <params>
            <param index="0">
              <value>
                <![CDATA["login with invalid usename and invalid password"]]>
              </value>
            </param>
            <param index="1">
              <value>
                <![CDATA["login Functionality"]]>
              </value>
            </param>
          </params>
          <reporter-output>
          </reporter-output>
        </test-method> <!-- runScenario -->
        <test-method signature="runScenario(io.cucumber.testng.PickleWrapper,io.cucumber.testng.FeatureWrapper)[pri:0, instance:com.tekarch.runner.RunnerForSalesForce@771a660]" started-at="2023-03-06T17:21:22 EST" name="runScenario" description="Runs Cucumber Scenarios" data-provider="scenarios" finished-at="2023-03-06T17:21:27 EST" duration-ms="5724" status="PASS">
          <params>
            <param index="0">
              <value>
                <![CDATA["validate forgotpassword"]]>
              </value>
            </param>
            <param index="1">
              <value>
                <![CDATA["login Functionality"]]>
              </value>
            </param>
          </params>
          <reporter-output>
          </reporter-output>
        </test-method> <!-- runScenario -->
        <test-method is-config="true" signature="tearDownClass()[pri:0, instance:com.tekarch.runner.RunnerForSalesForce@771a660]" started-at="2023-03-06T17:21:27 EST" name="tearDownClass" finished-at="2023-03-06T17:21:28 EST" duration-ms="70" status="PASS">
          <reporter-output>
          </reporter-output>
        </test-method> <!-- tearDownClass -->
      </class> <!-- com.tekarch.runner.RunnerForSalesForce -->
    </test> <!-- Chrome -->
  </suite> <!-- Suite -->
</testng-results>
