<?xml version="1.0" encoding="UTF-8"?>
<!-- Generated by org.testng.reporters.JUnitXMLReporter -->
<testsuite ignored="4" hostname="DESKTOP-3CBGDHB" failures="0" tests="1" name="Default test" time="7.322" errors="0" timestamp="2023-03-05T23:57:18 EST">
  <testcase classname="com.tekarch.SalesForce.SalesForceWithFrameLoginPage" name="forgotPassword" time="0.299"/>
  <testcase classname="com.tekarch.SalesForce.SalesForceWithFrameLoginPage" name="validateCheck" time="0.0">
    <ignored/>
  </testcase> <!-- validateCheck -->
  <testcase classname="com.tekarch.SalesForce.SalesForceWithFrameLoginPage" name="loginPage" time="0.0">
    <ignored/>
  </testcase> <!-- loginPage -->
  <testcase classname="com.tekarch.SalesForce.SalesForceWithFrameLoginPage" name="errorMessageBlankPassword" time="0.0">
    <ignored/>
  </testcase> <!-- errorMessageBlankPassword -->
  <testcase classname="com.tekarch.SalesForce.SalesForceWithFrameLoginPage" name="errorWithInvalidCred" time="0.0">
    <ignored/>
  </testcase> <!-- errorWithInvalidCred -->
</testsuite> <!-- Default test -->
